http://xien5.com
[0mGET / [36m304 [0m5.854 ms - -[0m
[0mGET /public-api-auth/member-transaction [36m304 [0m35.782 ms - -[0m
[]
[0mGET /public-api-auth/member-bet-history [36m304 [0m15.185 ms - -[0m
[0mGET /public-api-auth/withdraw-list-member [36m304 [0m16.779 ms - -[0m
[0mGET /public-api-auth/member-info [36m304 [0m16.674 ms - -[0m
[0mGET /public-api/blog-list [36m304 [0m11.035 ms - -[0m
[0mGET /public-api-auth/member-rechage-transaction [36m304 [0m13.647 ms - -[0m
[0mGET /public-api/settings [36m304 [0m5.673 ms - -[0m
[0mGET /public-api/fun [36m304 [0m8.761 ms - -[0m
[0mGET /public-api/result-latest [36m304 [0m10.307 ms - -[0m
[0mGET /public-api/member-bet-today [36m304 [0m11.460 ms - -[0m
[0mGET /public-api/member-prize-latest [36m304 [0m9.062 ms - -[0m
[0mGET /favicon.ico [32m200 [0m7.111 ms - -[0m
[0mGET /download/bet [32m200 [0m626.383 ms - 23377[0m
[0mGET /public-api-auth/member-bet-history [36m304 [0m11.103 ms - -[0m
[0mPOST /public-api-auth/bet [32m200 [0m59.379 ms - 44[0m
[0mGET /public-api/fun [32m200 [0m3.720 ms - 251[0m
[0mGET /public-api/member-bet-today [32m200 [0m6.452 ms - -[0m
[0mGET /public-api/result-latest [36m304 [0m11.413 ms - -[0m
[0mGET /public-api/member-prize-latest [36m304 [0m7.818 ms - -[0m
[0mGET /public-api-auth/member-transaction [32m200 [0m10.160 ms - -[0m
[0mGET /public-api-auth/member-bet-history [32m200 [0m11.892 ms - -[0m
[0mGET /public-api-auth/member-info [32m200 [0m4.869 ms - 123[0m
[0mGET /public-api-auth/member-rechage-transaction [36m304 [0m6.310 ms - -[0m
[]
[0mGET /public-api-auth/withdraw-list-member [36m304 [0m6.126 ms - -[0m
[0mGET /public-api-auth/member-bet-history [36m304 [0m6.594 ms - -[0m
[0mGET / [36m304 [0m0.847 ms - -[0m
[0mGET /public-api-auth/member-transaction [36m304 [0m6.917 ms - -[0m
[0mGET /public-api-auth/member-info [36m304 [0m6.187 ms - -[0m
[0mGET /public-api-auth/member-bet-history [36m304 [0m21.533 ms - -[0m
[0mGET /public-api/blog-list [36m304 [0m17.132 ms - -[0m
[0mGET /public-api-auth/member-rechage-transaction [36m304 [0m20.112 ms - -[0m
[]
[0mGET /public-api-auth/withdraw-list-member [36m304 [0m5.258 ms - -[0m
[0mGET /public-api/settings [36m304 [0m3.021 ms - -[0m
[0mGET /public-api/member-prize-latest [36m304 [0m8.163 ms - -[0m
[0mGET /public-api/fun [36m304 [0m12.582 ms - -[0m
[0mGET /public-api/result-latest [36m304 [0m12.759 ms - -[0m
[0mGET /public-api/member-bet-today [36m304 [0m17.324 ms - -[0m
[0mGET /favicon.ico [32m200 [0m1.480 ms - -[0m
[0mGET / [36m304 [0m1.340 ms - -[0m
[0mGET /public-api-auth/member-transaction [36m304 [0m22.355 ms - -[0m
[0mGET /public-api-auth/member-info [36m304 [0m6.351 ms - -[0m
[0mGET /public-api-auth/member-bet-history [36m304 [0m8.094 ms - -[0m
[0mGET /public-api-auth/member-rechage-transaction [36m304 [0m8.609 ms - -[0m
[]
[0mGET /public-api-auth/withdraw-list-member [36m304 [0m5.564 ms - -[0m
[0mGET /public-api/blog-list [36m304 [0m4.902 ms - -[0m
[0mGET /public-api/settings [36m304 [0m2.089 ms - -[0m
[0mGET /public-api/fun [36m304 [0m3.253 ms - -[0m
[0mGET /public-api/result-latest [36m304 [0m3.735 ms - -[0m
[0mGET /public-api/member-bet-today [36m304 [0m9.287 ms - -[0m
[0mGET /public-api/member-prize-latest [36m304 [0m9.234 ms - -[0m
[0mGET /favicon.ico [32m200 [0m1.540 ms - -[0m
[0mGET /public-api-auth/bank-list [36m304 [0m8.584 ms - -[0m
[0mGET /static/media/gate.ee5e12df.jpg [32m200 [0m2.397 ms - 15277[0m
[0mGET /static/media/vinaphone.ffb09bd0.jpg [32m200 [0m3.711 ms - 18879[0m
[0mGET /static/media/vtc.4f51394f.jpg [32m200 [0m4.138 ms - 13972[0m
[0mGET /static/media/mobifone.7bb73a11.jpg [32m200 [0m1.483 ms - 15732[0m
[0mGET /public-api/send-email [32m200 [0m73.417 ms - -[0m
[0mGET /deposit [32m200 [0m2.541 ms - 1001[0m
[0mGET /public-api-auth/member-transaction [36m304 [0m8.540 ms - -[0m
[0mGET /public-api-auth/member-info [36m304 [0m7.043 ms - -[0m
[0mGET /public-api-auth/member-rechage-transaction [36m304 [0m8.569 ms - -[0m
[0mGET /public-api-auth/member-bet-history [36m304 [0m19.609 ms - -[0m
[0mGET /public-api/blog-list [36m304 [0m2.927 ms - -[0m
[0mGET /public-api/settings [36m304 [0m5.135 ms - -[0m
[]
[0mGET /public-api-auth/withdraw-list-member [36m304 [0m7.993 ms - -[0m
[0mGET /public-api/fun [36m304 [0m4.782 ms - -[0m
[0mGET /public-api/result-latest [36m304 [0m6.023 ms - -[0m
[0mGET /public-api/member-bet-today [36m304 [0m9.126 ms - -[0m
[0mGET /public-api/member-prize-latest [36m304 [0m7.461 ms - -[0m
[0mGET /favicon.ico [32m200 [0m1.334 ms - -[0m
[0mGET / [36m304 [0m1.982 ms - -[0m
[0mGET /public-api-auth/member-transaction [36m304 [0m11.652 ms - -[0m
[0mGET /public-api-auth/member-info [36m304 [0m8.841 ms - -[0m
[]
[0mGET /public-api-auth/withdraw-list-member [36m304 [0m5.199 ms - -[0m
[0mGET /public-api/blog-list [36m304 [0m5.248 ms - -[0m
[0mGET /public-api-auth/member-rechage-transaction [36m304 [0m29.926 ms - -[0m
[0mGET /public-api/settings [36m304 [0m23.697 ms - -[0m
[0mGET /public-api-auth/member-bet-history [36m304 [0m33.123 ms - -[0m
[0mGET /public-api/fun [36m304 [0m4.065 ms - -[0m
[0mGET /public-api/result-latest [36m304 [0m4.845 ms - -[0m
[0mGET /public-api/member-bet-today [36m304 [0m8.813 ms - -[0m
[0mGET /public-api/member-prize-latest [36m304 [0m7.836 ms - -[0m
[0mGET /favicon.ico [32m200 [0m1.599 ms - -[0m
